                                 Started job on |	Aug 04 00:24:47
                             Started mapping on |	Aug 04 00:26:59
                                    Finished on |	Aug 04 00:27:02
       Mapping speed, Million of reads per hour |	36.30

                          Number of input reads |	30254
                      Average input read length |	103
                                    UNIQUE READS:
                   Uniquely mapped reads number |	1332
                        Uniquely mapped reads % |	4.40%
                          Average mapped length |	41.82
                       Number of splices: Total |	56
            Number of splices: Annotated (sjdb) |	17
                       Number of splices: GT/AG |	35
                       Number of splices: GC/AG |	1
                       Number of splices: AT/AC |	0
               Number of splices: Non-canonical |	20
                      Mismatch rate per base, % |	1.48%
                         Deletion rate per base |	0.08%
                        Deletion average length |	1.79
                        Insertion rate per base |	0.01%
                       Insertion average length |	2.33
                             MULTI-MAPPING READS:
        Number of reads mapped to multiple loci |	4084
             % of reads mapped to multiple loci |	13.50%
        Number of reads mapped to too many loci |	746
             % of reads mapped to too many loci |	2.47%
                                  UNMAPPED READS:
  Number of reads unmapped: too many mismatches |	0
       % of reads unmapped: too many mismatches |	0.00%
            Number of reads unmapped: too short |	22879
                 % of reads unmapped: too short |	75.62%
                Number of reads unmapped: other |	1213
                     % of reads unmapped: other |	4.01%
                                  CHIMERIC READS:
                       Number of chimeric reads |	0
                            % of chimeric reads |	0.00%
