                                 Started job on |	Aug 04 00:24:47
                             Started mapping on |	Aug 04 00:27:47
                                    Finished on |	Aug 04 00:28:10
       Mapping speed, Million of reads per hour |	30.80

                          Number of input reads |	196773
                      Average input read length |	93
                                    UNIQUE READS:
                   Uniquely mapped reads number |	14132
                        Uniquely mapped reads % |	7.18%
                          Average mapped length |	37.31
                       Number of splices: Total |	518
            Number of splices: Annotated (sjdb) |	161
                       Number of splices: GT/AG |	460
                       Number of splices: GC/AG |	10
                       Number of splices: AT/AC |	0
               Number of splices: Non-canonical |	48
                      Mismatch rate per base, % |	1.58%
                         Deletion rate per base |	0.35%
                        Deletion average length |	1.55
                        Insertion rate per base |	0.02%
                       Insertion average length |	1.62
                             MULTI-MAPPING READS:
        Number of reads mapped to multiple loci |	38122
             % of reads mapped to multiple loci |	19.37%
        Number of reads mapped to too many loci |	6426
             % of reads mapped to too many loci |	3.27%
                                  UNMAPPED READS:
  Number of reads unmapped: too many mismatches |	0
       % of reads unmapped: too many mismatches |	0.00%
            Number of reads unmapped: too short |	131755
                 % of reads unmapped: too short |	66.96%
                Number of reads unmapped: other |	6338
                     % of reads unmapped: other |	3.22%
                                  CHIMERIC READS:
                       Number of chimeric reads |	0
                            % of chimeric reads |	0.00%
