                                 Started job on |	Aug 04 00:24:47
                             Started mapping on |	Aug 04 00:26:59
                                    Finished on |	Aug 04 00:27:01
       Mapping speed, Million of reads per hour |	16.76

                          Number of input reads |	9311
                      Average input read length |	115
                                    UNIQUE READS:
                   Uniquely mapped reads number |	389
                        Uniquely mapped reads % |	4.18%
                          Average mapped length |	70.30
                       Number of splices: Total |	4
            Number of splices: Annotated (sjdb) |	1
                       Number of splices: GT/AG |	4
                       Number of splices: GC/AG |	0
                       Number of splices: AT/AC |	0
               Number of splices: Non-canonical |	0
                      Mismatch rate per base, % |	1.89%
                         Deletion rate per base |	0.01%
                        Deletion average length |	1.00
                        Insertion rate per base |	0.00%
                       Insertion average length |	1.00
                             MULTI-MAPPING READS:
        Number of reads mapped to multiple loci |	865
             % of reads mapped to multiple loci |	9.29%
        Number of reads mapped to too many loci |	130
             % of reads mapped to too many loci |	1.40%
                                  UNMAPPED READS:
  Number of reads unmapped: too many mismatches |	0
       % of reads unmapped: too many mismatches |	0.00%
            Number of reads unmapped: too short |	7476
                 % of reads unmapped: too short |	80.29%
                Number of reads unmapped: other |	451
                     % of reads unmapped: other |	4.84%
                                  CHIMERIC READS:
                       Number of chimeric reads |	0
                            % of chimeric reads |	0.00%
