                                 Started job on |	Aug 04 00:24:47
                             Started mapping on |	Aug 04 00:27:47
                                    Finished on |	Aug 04 00:29:00
       Mapping speed, Million of reads per hour |	32.30

                          Number of input reads |	654872
                      Average input read length |	84
                                    UNIQUE READS:
                   Uniquely mapped reads number |	61948
                        Uniquely mapped reads % |	9.46%
                          Average mapped length |	39.30
                       Number of splices: Total |	2202
            Number of splices: Annotated (sjdb) |	824
                       Number of splices: GT/AG |	1850
                       Number of splices: GC/AG |	51
                       Number of splices: AT/AC |	4
               Number of splices: Non-canonical |	297
                      Mismatch rate per base, % |	1.74%
                         Deletion rate per base |	0.39%
                        Deletion average length |	1.52
                        Insertion rate per base |	0.03%
                       Insertion average length |	1.51
                             MULTI-MAPPING READS:
        Number of reads mapped to multiple loci |	156997
             % of reads mapped to multiple loci |	23.97%
        Number of reads mapped to too many loci |	30034
             % of reads mapped to too many loci |	4.59%
                                  UNMAPPED READS:
  Number of reads unmapped: too many mismatches |	0
       % of reads unmapped: too many mismatches |	0.00%
            Number of reads unmapped: too short |	385775
                 % of reads unmapped: too short |	58.91%
                Number of reads unmapped: other |	20118
                     % of reads unmapped: other |	3.07%
                                  CHIMERIC READS:
                       Number of chimeric reads |	0
                            % of chimeric reads |	0.00%
