                                 Started job on |	Aug 04 00:24:47
                             Started mapping on |	Aug 04 00:26:59
                                    Finished on |	Aug 04 00:28:28
       Mapping speed, Million of reads per hour |	32.92

                          Number of input reads |	813792
                      Average input read length |	97
                                    UNIQUE READS:
                   Uniquely mapped reads number |	45640
                        Uniquely mapped reads % |	5.61%
                          Average mapped length |	36.89
                       Number of splices: Total |	1595
            Number of splices: Annotated (sjdb) |	244
                       Number of splices: GT/AG |	1289
                       Number of splices: GC/AG |	57
                       Number of splices: AT/AC |	0
               Number of splices: Non-canonical |	249
                      Mismatch rate per base, % |	1.97%
                         Deletion rate per base |	0.31%
                        Deletion average length |	1.52
                        Insertion rate per base |	0.03%
                       Insertion average length |	1.58
                             MULTI-MAPPING READS:
        Number of reads mapped to multiple loci |	118094
             % of reads mapped to multiple loci |	14.51%
        Number of reads mapped to too many loci |	34526
             % of reads mapped to too many loci |	4.24%
                                  UNMAPPED READS:
  Number of reads unmapped: too many mismatches |	0
       % of reads unmapped: too many mismatches |	0.00%
            Number of reads unmapped: too short |	592719
                 % of reads unmapped: too short |	72.83%
                Number of reads unmapped: other |	22813
                     % of reads unmapped: other |	2.80%
                                  CHIMERIC READS:
                       Number of chimeric reads |	0
                            % of chimeric reads |	0.00%
