                                 Started job on |	Aug 04 00:24:47
                             Started mapping on |	Aug 04 00:26:59
                                    Finished on |	Aug 04 00:28:07
       Mapping speed, Million of reads per hour |	42.62

                          Number of input reads |	804981
                      Average input read length |	74
                                    UNIQUE READS:
                   Uniquely mapped reads number |	53537
                        Uniquely mapped reads % |	6.65%
                          Average mapped length |	27.67
                       Number of splices: Total |	3933
            Number of splices: Annotated (sjdb) |	441
                       Number of splices: GT/AG |	3653
                       Number of splices: GC/AG |	141
                       Number of splices: AT/AC |	1
               Number of splices: Non-canonical |	138
                      Mismatch rate per base, % |	2.35%
                         Deletion rate per base |	0.17%
                        Deletion average length |	1.53
                        Insertion rate per base |	0.01%
                       Insertion average length |	1.38
                             MULTI-MAPPING READS:
        Number of reads mapped to multiple loci |	121462
             % of reads mapped to multiple loci |	15.09%
        Number of reads mapped to too many loci |	23070
             % of reads mapped to too many loci |	2.87%
                                  UNMAPPED READS:
  Number of reads unmapped: too many mismatches |	0
       % of reads unmapped: too many mismatches |	0.00%
            Number of reads unmapped: too short |	587344
                 % of reads unmapped: too short |	72.96%
                Number of reads unmapped: other |	19568
                     % of reads unmapped: other |	2.43%
                                  CHIMERIC READS:
                       Number of chimeric reads |	0
                            % of chimeric reads |	0.00%
