                                 Started job on |	Aug 04 00:24:47
                             Started mapping on |	Aug 04 00:26:59
                                    Finished on |	Aug 04 00:28:02
       Mapping speed, Million of reads per hour |	36.37

                          Number of input reads |	636437
                      Average input read length |	98
                                    UNIQUE READS:
                   Uniquely mapped reads number |	38334
                        Uniquely mapped reads % |	6.02%
                          Average mapped length |	36.29
                       Number of splices: Total |	1364
            Number of splices: Annotated (sjdb) |	350
                       Number of splices: GT/AG |	1178
                       Number of splices: GC/AG |	45
                       Number of splices: AT/AC |	0
               Number of splices: Non-canonical |	141
                      Mismatch rate per base, % |	1.74%
                         Deletion rate per base |	0.33%
                        Deletion average length |	1.50
                        Insertion rate per base |	0.03%
                       Insertion average length |	1.60
                             MULTI-MAPPING READS:
        Number of reads mapped to multiple loci |	97559
             % of reads mapped to multiple loci |	15.33%
        Number of reads mapped to too many loci |	23771
             % of reads mapped to too many loci |	3.74%
                                  UNMAPPED READS:
  Number of reads unmapped: too many mismatches |	0
       % of reads unmapped: too many mismatches |	0.00%
            Number of reads unmapped: too short |	459056
                 % of reads unmapped: too short |	72.13%
                Number of reads unmapped: other |	17717
                     % of reads unmapped: other |	2.78%
                                  CHIMERIC READS:
                       Number of chimeric reads |	0
                            % of chimeric reads |	0.00%
